make all --print-data-base --no-builtin-variables --no-builtin-rules --question
# GNU Make 4.1
# Built for x86_64-pc-linux-gnu
# Copyright (C) 1988-2014 Free Software Foundation, Inc.
# License GPLv3+: GNU GPL version 3 or later <http://gnu.org/licenses/gpl.html>
# This is free software: you are free to change and redistribute it.
# There is NO WARRANTY, to the extent permitted by law.

# Make data base, printed on Wed May 25 15:22:15 2022

# Variables

# automatic
<D = $(patsubst %/,%,$(dir $<))
# automatic
?F = $(notdir $?)
# makefile (from 'Makefile', line 7)
SGX_MODE = HW
# default
.SHELLFLAGS := -c
# makefile (from 'Makefile', line 8)
SGX_ARCH = x64
# environment
VSCODE_AGENT_FOLDER = /home/node10/.vscode-server
# environment
VSCODE_LOG_NATIVE = false
# automatic
?D = $(patsubst %/,%,$(dir $?))
# makefile (from 'Makefile', line 75)
App_Cpp_Objects := CryptoTestingApp/CryptoTestingApp.o CryptoTestingApp/Server.o CryptoTestingApp/Utils.o CryptoTestingApp/Client.o
# automatic
@D = $(patsubst %/,%,$(dir $@))
# makefile (from 'Makefile', line 84)
Trts_Library_Name := sgx_trts
# automatic
@F = $(notdir $@)
# default
MAKE_VERSION := 4.1
# makefile (from 'Makefile', line 45)
Urts_Library_Name := sgx_urts
# makefile
CURDIR := /home/node10/FSGXSEE-2
# makefile
SHELL = /bin/sh
# environment
JRE_HOME = /usr/lib/jvm/java-8-openjdk-amd64/jre
# makefile (from 'Makefile', line 105)
CryptoEnclave_Name := CryptoEnclave.so
# makefile (from 'Makefile', line 85)
Service_Library_Name := sgx_tservice
# makefile (from 'Makefile', line 1)
SGXSSL_LIB_PATH = /opt/intel/sgxssl/lib64
# makefile (from 'Makefile', line 88)
CryptoEnclave_Cpp_Files := CryptoEnclave/CryptoEnclave.cpp CryptoEnclave/TreeNode.cpp CryptoEnclave/EnclaveUtils.cpp
# environment
VSCODE_NLS_CONFIG = {"locale":"zh-cn","availableLanguages":{"*":"zh-cn"},"_languagePackId":"42e84e0914b17800d483f69e299e1b00.zh-cn","_translationsConfigFile":"/home/node10/.vscode-server/data/clp/42e84e0914b17800d483f69e299e1b00.zh-cn/tcf.json","_cacheRoot":"/home/node10/.vscode-server/data/clp/42e84e0914b17800d483f69e299e1b00.zh-cn","_resolvedLanguagePackCoreLocation":"/home/node10/.vscode-server/data/clp/42e84e0914b17800d483f69e299e1b00.zh-cn/c3511e6c69bb39013c4a4b7b9566ec1ca73fc4d5","_corruptedFile":"/home/node10/.vscode-server/data/clp/42e84e0914b17800d483f69e299e1b00.zh-cn/corrupted.info","_languagePackSupport":true}
# environment
_ = /home/node10/.vscode-server/bin/c3511e6c69bb39013c4a4b7b9566ec1ca73fc4d5/node
# makefile (from 'Makefile', line 59)
App_C_Flags := -m64 -O0 -g -fPIC -Wno-attributes -IInclude -IApp -I/opt/intel/sgxsdk/include -I/usr/include -I/usr/include/openssl -g -DDEBUG -UNDEBUG -UEDEBUG
# environment
MAVEN_HOME = /opt/maven/apache-maven-3.8.4
# makefile (from 'Makefile', line 1)
MAKEFILE_LIST :=  Makefile
# 'override' directive
GNUMAKEFLAGS := 
# environment
DBUS_SESSION_BUS_ADDRESS = unix:path=/run/user/1000/bus
# environment
VSCODE_VERBOSE_LOGGING = true
# makefile (from 'Makefile', line 87)
Crypto_Library_Name := sgx_tcrypto
# environment
LESSOPEN = | /usr/bin/lesspipe %s
# environment
VSCODE_CWD = /home/node10
# makefile (from 'Makefile', line 6)
SGX_SDK = /opt/intel/sgxsdk
# environment
SSH_CONNECTION = 192.168.1.193 62879 192.168.1.102 22
# environment
PATH = /home/node10/.vscode-server/bin/c3511e6c69bb39013c4a4b7b9566ec1ca73fc4d5/bin/remote-cli:/home/node10/.local/bin:/home/ubuntu/GOPATH/bin:/home/ubuntu/go/bin:/usr/local/java/jdk1.8.0_271/bin:/opt/maven/apache-maven-3.8.4/bin:/usr/local/sbin:/usr/local/bin:/usr/sbin:/usr/bin:/sbin:/bin:/usr/games:/usr/local/games:/snap/bin:/home/node10/下载/clion-2021.3.3/bin:/usr/lib/jvm/java-8-openjdk-amd64/bin:/home/node10/GOROOT/bin:/home/node10/GOPATH/bin
# makefile (from 'Makefile', line 66)
App_Cpp_Flags := -m64 -O0 -g -fPIC -Wno-attributes -IInclude -IApp -I/opt/intel/sgxsdk/include -I/usr/include -I/usr/include/openssl -g -DDEBUG -UNDEBUG -UEDEBUG -std=c++11
# environment
XDG_RUNTIME_DIR = /run/user/1000
# makefile (from 'Makefile', line 48)
App_Cpp_Files := CryptoTestingApp/CryptoTestingApp.cpp CryptoTestingApp/Server.cpp CryptoTestingApp/Utils.cpp CryptoTestingApp/Client.cpp
# makefile (from 'Makefile', line 104)
CryptoEnclave_Cpp_Objects := CryptoEnclave/CryptoEnclave.o CryptoEnclave/TreeNode.o CryptoEnclave/EnclaveUtils.o
# environment
GOPATH = /home/node10/GOPATH
# environment
VSCODE_LOG_STACK = false
# makefile (from 'Makefile', line 91)
CryptoEnclave_C_Flags := -m64 -O0 -g -nostdinc -fvisibility=hidden -fpie -fstack-protector -IInclude -ICryptoEnclave -I/opt/intel/sgxsdk/include -I/opt/intel/sgxsdk/include/libcxx -I/opt/intel/sgxsdk/include/tlibc -I/opt/intel/sgxssl/include -include "tsgxsslio.h"
# default
.FEATURES := target-specific order-only second-expansion else-if shortest-stem undefine oneshell archives jobserver output-sync check-symlink load
# makefile (from 'Makefile', line 72)
App_Link_Flags := -m64 -O0 -g -L/opt/intel/sgxsdk/lib64 -lsgx_urts -lpthread -lpcap -L/opt/intel/sgxssl/lib64 -lsgx_usgxssl -lssl -lcrypto -lsgx_uae_service
# environment
LS_COLORS = 
# automatic
%F = $(notdir $%)
# environment
VSCODE_PIPE_LOGGING = true
# makefile (from 'Makefile', line 23)
SGX_LIBRARY_PATH := /opt/intel/sgxsdk/lib64
# environment
PWD = /home/node10/FSGXSEE-2
# environment
VSCODE_IPC_HOOK_CLI = /run/user/1000/vscode-ipc-09382ad5-2ed5-4f84-889a-f35fa9b6490c.sock
# automatic
*D = $(patsubst %/,%,$(dir $*))
# makefile (from 'Makefile', line 106)
Signed_CryptoEnclave_Name := CryptoEnclave.signed.so
# environment
VSCODE_AMD_ENTRYPOINT = vs/workbench/api/node/extensionHostProcess
# environment
HOME = /home/node10
# environment
LESSCLOSE = /usr/bin/lesspipe %s %s
# environment
LOGNAME = node10
# environment
APPLICATION_INSIGHTS_NO_DIAGNOSTIC_CHANNEL = 1
# automatic
+F = $(notdir $+)
# makefile (from 'Makefile', line 92)
CryptoEnclave_Cpp_Flags := -m64 -O0 -g -nostdinc -fvisibility=hidden -fpie -fstack-protector -IInclude -ICryptoEnclave -I/opt/intel/sgxsdk/include -I/opt/intel/sgxsdk/include/libcxx -I/opt/intel/sgxsdk/include/tlibc -I/opt/intel/sgxssl/include -include "tsgxsslio.h" -std=c++11 -nostdinc++
# environment
VSCODE_HANDLES_UNCAUGHT_ERRORS = true
# automatic
^D = $(patsubst %/,%,$(dir $^))
# makefile (from 'Makefile', line 49)
App_Include_Paths := -IInclude -IApp -I/opt/intel/sgxsdk/include -I/usr/include -I/usr/include/openssl
# environment
MAKELEVEL := 0
# default
MAKE = $(MAKE_COMMAND)
# default
MAKECMDGOALS := all
# makefile (from 'Makefile', line 107)
CryptoEnclave_Config_File := CryptoEnclave/CryptoEnclave.config.xml
# environment
SHLVL = 3
# environment
JAVA_HOME = /usr/lib/jvm/java-8-openjdk-amd64
# environment
XDG_SESSION_ID = 1565
# environment
USER = node10
# makefile (from 'Makefile', line 94)
CryptoEnclave_Link_Flags := -m64 -O0 -g -Wl,--no-undefined -nostdlib -nodefaultlibs -nostartfiles -L/opt/intel/sgxsdk/lib64 -L/opt/intel/sgxssl/lib64 -Wl,--whole-archive -lsgx_trts -Wl,--no-whole-archive -Wl,--start-group -lsgx_tstdc -lsgx_tcxx -lsgx_tcrypto -lsgx_tservice -Wl,--whole-archive -lsgx_tsgxssl -Wl,--no-whole-archive -lsgx_tsgxssl_crypto -Wl,--end-group -Wl,-Bstatic -Wl,-Bsymbolic -Wl,--no-undefined -Wl,-pie,-eenclave_entry -Wl,--export-dynamic -Wl,--defsym,__ImageBase=0 -Wl,--version-script=CryptoEnclave/CryptoEnclave.lds
# makefile
.DEFAULT_GOAL := all
# environment
GOROOT = /home/node10/GOROOT
# environment
CLASSPATH = .:/usr/lib/jvm/java-8-openjdk-amd64/lib:/usr/lib/jvm/java-8-openjdk-amd64/jre/lib
# automatic
%D = $(patsubst %/,%,$(dir $%))
# default
MAKE_COMMAND := make
# environment
OLDPWD = /home/node10/.vscode-server/bin/c3511e6c69bb39013c4a4b7b9566ec1ca73fc4d5
# default
.VARIABLES := 
# automatic
*F = $(notdir $*)
# environment
LANGUAGE = zh_CN:zh
# makefile (from 'Makefile', line 35)
SGX_COMMON_CFLAGS := -m64 -O0 -g
# makefile
MAKEFLAGS = pqrR
# environment
MFLAGS = -pqrR
# environment
SSH_CLIENT = 192.168.1.193 62879 22
# environment
MAIL = /var/mail/node10
# makefile (from 'Makefile', line 2)
SGXSSL_INCLUDE_PATH = /opt/intel/sgxssl/include
# automatic
+D = $(patsubst %/,%,$(dir $+))
# environment
BROWSER = /home/node10/.vscode-server/bin/c3511e6c69bb39013c4a4b7b9566ec1ca73fc4d5/bin/helpers/browser.sh
# makefile (from 'Makefile', line 9)
SGX_DEBUG = 1
# environment
VSCODE_HANDLES_SIGPIPE = true
# makefile (from 'Makefile', line 89)
CryptoEnclave_Include_Paths := -IInclude -ICryptoEnclave -I/opt/intel/sgxsdk/include -I/opt/intel/sgxsdk/include/libcxx -I/opt/intel/sgxsdk/include/tlibc -I/opt/intel/sgxssl/include -include "tsgxsslio.h"
# default
MAKEFILES := 
# automatic
<F = $(notdir $<)
# makefile (from 'Makefile', line 77)
App_Name := cryptoTestingApp
# environment
LC_ALL = C
# automatic
^F = $(notdir $^)
# default
SUFFIXES := 
# makefile (from 'Makefile', line 24)
SGX_ENCLAVE_SIGNER := /opt/intel/sgxsdk/bin/x64/sgx_sign
# default
.INCLUDE_DIRS = /usr/include /usr/local/include /usr/include
# default
.RECIPEPREFIX := 
# default
MAKE_HOST := x86_64-pc-linux-gnu
# makefile (from 'Makefile', line 25)
SGX_EDGER8R := /opt/intel/sgxsdk/bin/x64/sgx_edger8r
# environment
LANG = C
# environment
VSCODE_EXTHOST_WILL_SEND_SOCKET = true
# variable set hash-table stats:
# Load=104/1024=10%, Rehash=0, Collisions=18/194=9%

# Pattern-specific Variable Values

# No pattern-specific variable values.

# Directories

# CryptoEnclave (device 66306, inode 3935598): 17 files, no impossibilities.
# . (device 66306, inode 3155811): 18 files, no impossibilities.
# CryptoTestingApp (device 66306, inode 3935611): 17 files, no impossibilities.

# 52 files, no impossibilities in 3 directories.

# Implicit Rules

CryptoTestingApp/%.o: CryptoTestingApp/%.cpp
#  recipe to execute (from 'Makefile', line 144):
	@$(CXX) $(App_Cpp_Flags) -c $< -o $@
	@echo "CXX  <=  $<"

CryptoEnclave/%.o: CryptoEnclave/%.cpp
#  recipe to execute (from 'Makefile', line 158):
	@$(CXX) $(CryptoEnclave_Cpp_Flags) -c $< -o $@
	@echo "CXX  <=  $<"

# 2 implicit rules, 0 (0.0%) terminal.

# Files

CryptoEnclave.so: CryptoEnclave/CryptoEnclave_t.o CryptoEnclave/CryptoEnclave.o CryptoEnclave/TreeNode.o CryptoEnclave/EnclaveUtils.o
#  Implicit rule search has not been done.
#  Last modified 2022-04-27 15:37:07.367838654
#  File has been updated.
#  Successfully updated.
#  recipe to execute (from 'Makefile', line 161):
	@$(CXX) $^ -o $@ $(CryptoEnclave_Link_Flags)
	@echo "LINK =>  $@"

CryptoTestingApp/CryptoEnclave_u.o: CryptoTestingApp/CryptoEnclave_u.c
#  Implicit rule search has not been done.
#  Last modified 2022-04-27 15:37:04.283825036
#  File has been updated.
#  Successfully updated.
#  recipe to execute (from 'Makefile', line 141):
	@$(CC) $(App_C_Flags) -c $< -o $@
	@echo "CC   <=  $<"

all: cryptoTestingApp CryptoEnclave.signed.so
#  Phony target (prerequisite of .PHONY).
#  Command line target.
#  Implicit rule search has not been done.
#  File does not exist.
#  File has been updated.
#  Successfully updated.

 
.PHONY: all run clean
#  Implicit rule search has not been done.
#  Modification time never checked.
#  File has not been updated.

CryptoEnclave/EnclaveUtils.o: CryptoEnclave/EnclaveUtils.cpp
#  Implicit rule search has been done.
#  Implicit/static pattern stem: 'EnclaveUtils'
#  Last modified 2022-04-27 15:37:07.303838371
#  File has been updated.
#  Successfully updated.
#  recipe to execute (from 'Makefile', line 158):
	@$(CXX) $(CryptoEnclave_Cpp_Flags) -c $< -o $@
	@echo "CXX  <=  $<"

CryptoEnclave/CryptoEnclave_t.c: /opt/intel/sgxsdk/bin/x64/sgx_edger8r CryptoEnclave/CryptoEnclave.edl
#  Implicit rule search has not been done.
#  Last modified 2022-04-27 15:37:06.163833335
#  File has been updated.
#  Successfully updated.
#  recipe to execute (from 'Makefile', line 152):
	@cd CryptoEnclave && $(SGX_EDGER8R) --trusted ../CryptoEnclave/CryptoEnclave.edl --search-path ../CryptoEnclave --search-path $(SGX_SDK)/include
	@echo "GEN  =>  $@"

CryptoEnclave/TreeNode.o: CryptoEnclave/TreeNode.cpp
#  Implicit rule search has been done.
#  Implicit/static pattern stem: 'TreeNode'
#  Last modified 2022-04-27 15:37:06.99583701
#  File has been updated.
#  Successfully updated.
#  recipe to execute (from 'Makefile', line 158):
	@$(CXX) $(CryptoEnclave_Cpp_Flags) -c $< -o $@
	@echo "CXX  <=  $<"

# Not a target:
/opt/intel/sgxsdk/bin/x64/sgx_edger8r:
#  Implicit rule search has been done.
#  Last modified 2021-10-28 16:04:34.436870453
#  File has been updated.
#  Successfully updated.

# Not a target:
CryptoTestingApp/Client.cpp:
#  Implicit rule search has been done.
#  Last modified 2022-04-27 15:39:31.2724883
#  File has been updated.
#  Successfully updated.

# Not a target:
Makefile:
#  Implicit rule search has been done.
#  Last modified 2022-05-23 18:39:43.455531804
#  File has been updated.
#  Successfully updated.

CryptoEnclave/CryptoEnclave.o: CryptoEnclave/CryptoEnclave.cpp
#  Implicit rule search has been done.
#  Implicit/static pattern stem: 'CryptoEnclave'
#  Last modified 2022-04-27 15:37:06.775836038
#  File has been updated.
#  Successfully updated.
#  recipe to execute (from 'Makefile', line 158):
	@$(CXX) $(CryptoEnclave_Cpp_Flags) -c $< -o $@
	@echo "CXX  <=  $<"

# Not a target:
CryptoEnclave/CryptoEnclave.edl:
#  Implicit rule search has been done.
#  Last modified 2022-04-27 11:33:37.310083602
#  File has been updated.
#  Successfully updated.

CryptoTestingApp/CryptoEnclave_u.c: /opt/intel/sgxsdk/bin/x64/sgx_edger8r CryptoEnclave/CryptoEnclave.edl
#  Implicit rule search has not been done.
#  Last modified 2022-04-27 15:37:04.255824912
#  File has been updated.
#  Successfully updated.
#  recipe to execute (from 'Makefile', line 138):
	@cd CryptoTestingApp && $(SGX_EDGER8R) --untrusted ../CryptoEnclave/CryptoEnclave.edl --search-path ../CryptoEnclave --search-path $(SGX_SDK)/include
	@echo "GEN  =>  $@"

cryptoTestingApp: CryptoTestingApp/CryptoEnclave_u.o CryptoTestingApp/CryptoTestingApp.o CryptoTestingApp/Server.o CryptoTestingApp/Utils.o CryptoTestingApp/Client.o
#  Implicit rule search has not been done.
#  Last modified 2022-05-23 18:42:00.813709495
#  File has been updated.
#  Successfully updated.
#  recipe to execute (from 'Makefile', line 147):
	@$(CXX) $^ -o $@ $(App_Link_Flags)
	@echo "LINK =>  $@"

# Not a target:
CryptoTestingApp/Server.cpp:
#  Implicit rule search has been done.
#  Last modified 2022-04-26 09:57:36.032226293
#  File has been updated.
#  Successfully updated.

# Not a target:
CryptoTestingApp/CryptoTestingApp.cpp:
#  Implicit rule search has been done.
#  Last modified 2022-04-27 15:25:58.07341509
#  File has been updated.
#  Successfully updated.

# Not a target:
CryptoTestingApp/Utils.cpp:
#  Implicit rule search has been done.
#  Last modified 2022-04-18 16:13:34.480100188
#  File has been updated.
#  Successfully updated.

# Not a target:
.DEFAULT:
#  Implicit rule search has not been done.
#  Modification time never checked.
#  File has not been updated.

run: all
#  Phony target (prerequisite of .PHONY).
#  Implicit rule search has not been done.
#  File does not exist.
#  File has not been updated.
#  recipe to execute (from 'Makefile', line 132):
	@$(CURDIR)/$(App_Name)
	@echo "RUN  =>  $(App_Name) [$(SGX_MODE)|$(SGX_ARCH), OK]"

CryptoTestingApp/Client.o: CryptoTestingApp/Client.cpp
#  Implicit rule search has been done.
#  Implicit/static pattern stem: 'Client'
#  Last modified 2022-05-23 18:42:00.713708041
#  File has been updated.
#  Successfully updated.
#  recipe to execute (from 'Makefile', line 144):
	@$(CXX) $(App_Cpp_Flags) -c $< -o $@
	@echo "CXX  <=  $<"

clean:
#  Phony target (prerequisite of .PHONY).
#  Implicit rule search has not been done.
#  File does not exist.
#  File has not been updated.
#  recipe to execute (from 'Makefile', line 169):
	@rm -f $(App_Name) $(CryptoEnclave_Name) $(Signed_CryptoEnclave_Name) $(App_Cpp_Objects) CryptoTestingApp/CryptoEnclave_u.* $(CryptoEnclave_Cpp_Objects) CryptoEnclave/CryptoEnclave_t.*

# Not a target:
CryptoEnclave/EnclaveUtils.cpp:
#  Implicit rule search has been done.
#  Last modified 2022-04-27 11:13:24.422759928
#  File has been updated.
#  Successfully updated.

# Not a target:
CryptoEnclave/TreeNode.cpp:
#  Implicit rule search has been done.
#  Last modified 2022-04-26 17:09:31.658526688
#  File has been updated.
#  Successfully updated.

CryptoEnclave/CryptoEnclave_t.o: CryptoEnclave/CryptoEnclave_t.c
#  Implicit rule search has not been done.
#  Last modified 2022-04-27 15:37:06.215833565
#  File has been updated.
#  Successfully updated.
#  recipe to execute (from 'Makefile', line 155):
	@$(CC) $(CryptoEnclave_C_Flags) -c $< -o $@
	@echo "CC   <=  $<"

CryptoTestingApp/Server.o: CryptoTestingApp/Server.cpp
#  Implicit rule search has been done.
#  Implicit/static pattern stem: 'Server'
#  Last modified 2022-04-27 15:37:05.295829502
#  File has been updated.
#  Successfully updated.
#  recipe to execute (from 'Makefile', line 144):
	@$(CXX) $(App_Cpp_Flags) -c $< -o $@
	@echo "CXX  <=  $<"

CryptoTestingApp/CryptoTestingApp.o: CryptoTestingApp/CryptoTestingApp.cpp
#  Implicit rule search has been done.
#  Implicit/static pattern stem: 'CryptoTestingApp'
#  Last modified 2022-04-27 15:37:04.783827243
#  File has been updated.
#  Successfully updated.
#  recipe to execute (from 'Makefile', line 144):
	@$(CXX) $(App_Cpp_Flags) -c $< -o $@
	@echo "CXX  <=  $<"

# Not a target:
CryptoEnclave/CryptoEnclave.cpp:
#  Implicit rule search has been done.
#  Last modified 2022-04-27 14:57:37.100547964
#  File has been updated.
#  Successfully updated.

CryptoEnclave.signed.so: CryptoEnclave.so
#  Implicit rule search has not been done.
#  Last modified 2022-04-27 15:37:07.487839184
#  File has been updated.
#  Successfully updated.
#  recipe to execute (from 'Makefile', line 164):
	@$(SGX_ENCLAVE_SIGNER) sign -key CryptoEnclave/CryptoEnclave_private.pem -enclave $(CryptoEnclave_Name) -out $@ -config $(CryptoEnclave_Config_File)
	@echo "SIGN =>  $@"

CryptoTestingApp/Utils.o: CryptoTestingApp/Utils.cpp
#  Implicit rule search has been done.
#  Implicit/static pattern stem: 'Utils'
#  Last modified 2022-04-27 15:37:05.563830686
#  File has been updated.
#  Successfully updated.
#  recipe to execute (from 'Makefile', line 144):
	@$(CXX) $(App_Cpp_Flags) -c $< -o $@
	@echo "CXX  <=  $<"

# files hash-table stats:
# Load=30/1024=3%, Rehash=0, Collisions=2/89=2%
# VPATH Search Paths

# No 'vpath' search paths.

# No general ('VPATH' variable) search path.

# strcache buffers: 1 (0) / strings = 85 / storage = 1465 B / avg = 17 B
# current buf: size = 8162 B / used = 1465 B / count = 85 / avg = 17 B

# strcache performance: lookups = 134 / hit rate = 36%
# hash-table stats:
# Load=85/8192=1%, Rehash=0, Collisions=3/134=2%
# Finished Make data base on Wed May 25 15:22:15 2022

 
